<?xml version="1.0" encoding="UTF-8"?>
<testng-results ignored="0" total="1" passed="1" failed="0" skipped="0">
  <reporter-output>
  </reporter-output>
  <suite started-at="2022-11-29T22:29:00 IST" name="Suite" finished-at="2022-11-29T22:31:01 IST" duration-ms="121388">
    <groups>
    </groups>
    <test started-at="2022-11-29T22:29:00 IST" name="Test" finished-at="2022-11-29T22:31:01 IST" duration-ms="121388">
      <class name="com.ds.testLayer.LoginPageTest">
        <test-method is-config="true" signature="start()[pri:0, instance:com.ds.testLayer.LoginPageTest@5876a9af]" started-at="2022-11-29T22:29:00 IST" name="start" finished-at="2022-11-29T22:29:00 IST" duration-ms="831" status="PASS">
          <reporter-output>
          </reporter-output>
        </test-method> <!-- start -->
        <test-method is-config="true" signature="setup(java.lang.String)[pri:0, instance:com.ds.testLayer.LoginPageTest@5876a9af]" started-at="2022-11-29T22:29:00 IST" name="setup" finished-at="2022-11-29T22:31:01 IST" duration-ms="120314" status="PASS">
          <params>
            <param index="0">
              <value>
                <![CDATA[edge]]>
              </value>
            </param>
          </params>
          <reporter-output>
          </reporter-output>
        </test-method> <!-- setup -->
        <test-method signature="verifyLoginTest()[pri:0, instance:com.ds.testLayer.LoginPageTest@5876a9af]" started-at="2022-11-29T22:31:01 IST" name="verifyLoginTest" finished-at="2022-11-29T22:31:01 IST" duration-ms="70" status="PASS">
          <reporter-output>
          </reporter-output>
        </test-method> <!-- verifyLoginTest -->
        <test-method is-config="true" signature="tearDown()[pri:0, instance:com.ds.testLayer.LoginPageTest@5876a9af]" started-at="2022-11-29T22:31:01 IST" name="tearDown" finished-at="2022-11-29T22:31:01 IST" duration-ms="0" status="PASS">
          <reporter-output>
          </reporter-output>
        </test-method> <!-- tearDown -->
        <test-method is-config="true" signature="end()[pri:0, instance:com.ds.testLayer.LoginPageTest@5876a9af]" started-at="2022-11-29T22:31:01 IST" name="end" finished-at="2022-11-29T22:31:01 IST" duration-ms="1" status="PASS">
          <reporter-output>
          </reporter-output>
        </test-method> <!-- end -->
      </class> <!-- com.ds.testLayer.LoginPageTest -->
    </test> <!-- Test -->
  </suite> <!-- Suite -->
</testng-results>
